License checkout took 0.167 sec
Momentum MomEngine_64 12.00.024 (*) built: Jan 14 2016
Copyright 1992-2016, Keysight Technologies
Simulation started on: Mon Feb 04 15:05:40 2019
Simulation Mode: uW
Substrate valid
Automatically determined a snap distance of
0.0021 mil for layout healing.
Layout simplification started
.........|.........|.........|.........| 
Layout simplification finished
Generating mesh at 3 GHz...
License checkout took 0.286 sec
S-parameter simulation
S-parameter simulation started
...initializing
...extracting layout
...analyzing ports
...reducing mesh
Automatic selection: direct dense matrix solver
Using multi-threading (4 threads)
Matrix size: 93 (reduced: 91)
Adaptive frequency sweep started
Simulation frequency [1] = 1 GHz
...loading Green functions
...creating Basis sections
...allocating interaction matrix
...loading interaction matrix
.........|.........|.........|.........| 
...solving interaction matrix
.........|.........|.........|.........| 
...calibrating ports
...calculating S-parameters
Simulation frequency [2] = 3 GHz
...loading Green functions
...loading interaction matrix
.........|.........|.........|.........| 
...solving interaction matrix
.........|.........|.........|.........| 
...calibrating ports
...calculating S-parameters
Adaptive:   0.0 % of frequency range covered
Simulation frequency [3] = 2.33333 GHz
...loading Green functions
...loading interaction matrix
.........|.........|.........|.........| 
...solving interaction matrix
.........|.........|.........|.........| 
...calibrating ports
...calculating S-parameters
Simulation frequency [4] = 1.66667 GHz
...loading Green functions
...loading interaction matrix
.........|.........|.........|.........| 
...solving interaction matrix
.........|.........|.........|.........| 
...calibrating ports
...calculating S-parameters
Simulation frequency [5] = 1.33333 GHz
...loading Green functions
...loading interaction matrix
.........|.........|.........|.........| 
...solving interaction matrix
.........|.........|.........|.........| 
...calibrating ports
...calculating S-parameters
Simulation frequency [6] = 2.66667 GHz
...loading Green functions
...loading interaction matrix
.........|.........|.........|.........| 
...solving interaction matrix
.........|.........|.........|.........| 
...calibrating ports
...calculating S-parameters
Simulation frequency [7] = 1.5 GHz
...loading Green functions
...loading interaction matrix
.........|.........|.........|.........| 
...solving interaction matrix
.........|.........|.........|.........| 
...calibrating ports
...calculating S-parameters
Simulation frequency [8] = 2.5 GHz
...loading Green functions
...loading interaction matrix
.........|.........|.........|.........| 
...solving interaction matrix
.........|.........|.........|.........| 
...calibrating ports
...calculating S-parameters
Simulation frequency [9] = 1.88889 GHz
...loading Green functions
...loading interaction matrix
.........|.........|.........|.........| 
...solving interaction matrix
.........|.........|.........|.........| 
...calibrating ports
...calculating S-parameters
Simulation frequency [10] = 1.96296 GHz
...loading Green functions
...loading interaction matrix
.........|.........|.........|.........| 
...solving interaction matrix
.........|.........|.........|.........| 
...calibrating ports
...calculating S-parameters
Simulation frequency [11] = 1.77778 GHz
...loading Green functions
...loading interaction matrix
.........|.........|.........|.........| 
...solving interaction matrix
.........|.........|.........|.........| 
...calibrating ports
...calculating S-parameters
Simulation frequency [12] = 1.87037 GHz
...loading Green functions
...loading interaction matrix
.........|.........|.........|.........| 
...solving interaction matrix
.........|.........|.........|.........| 
...calibrating ports
...calculating S-parameters
Adaptive: 100.0 % of frequency range covered
S-parameter simulation finished
Simulation finished on: Mon Feb 04 15:05:59 2019
The simulation results have been saved in dataset "filter_mom_strip_MomUW".
