
hpeesofsim (*) 450.shp Jan 21 2016, MINT version 4
    (64-bit windows built: 01/21/16 15:34:19)
Copyright 1995 - 2015 Keysight Technologies, 1989-2016.

Warning detected by hpeesofsim in topology check during circuit set up.
    Number of nodes with no DC path to ground (topology corrected): 4


HB SmartSimulation1.HB1[1] <system_lib:cell_1:schematic>   SmartSimulation1.RFfreq=(1e+09->3e+09)
    Number of tones:   1.
    Number of frequencies:   6.
    Number of time samples:  16.
    Number of HB equations (problem size): 352.
    Auto mode: off.
    Convergence mode: Auto.
    Linear solver: direct.
    SmartSimulation1.RFfreq=1e+09          0.00% 1/21
------------------------------------------------------------------------------
Newton solver:					
Iter	KCL residual	Damp %	Sol update
------------------------------------------------------------------------------
0.0*	97.5337 uA  	100.0             
1.0 	933.965 nA  	100.0             
1.1 	14.2787 nA  	100.0             
1.2 	205.996 pA  	100.0	40.0232 nV   
    SmartSimulation1.RFfreq=1.1e+09        5.00% 2/21
0.0 	4.024 mA    	100.0             
0.1 	2.87094 mA  	100.0             
        Samanskii-Newton iteration failed
0.2*	2.80078 mA  	100.0             
1.0 	16.051 nA   	100.0             
1.1 	21.9838 pA  	100.0	10.6985 nV   

    SmartSimulation1.RFfreq=1.2e+09       10.00% 3/21
0.0 	3.37243 mA  	100.0             
0.1 	967.613 uA  	100.0             
0.2 	331.284 uA  	100.0             
0.3 	215.32 uA   	100.0             
0.4*	122.219 uA  	100.0             
1.0 	14.8636 pA  	100.0	1.03155 nV   

    SmartSimulation1.RFfreq=1.3e+09       15.00% 4/21
0.0 	3.5856 mA   	100.0             
0.1 	671.855 uA  	100.0             
0.2 	113.803 uA  	100.0             
0.3 	28.6194 uA  	100.0             
0.4 	8.02561 uA  	100.0             
0.5 	3.40878 uA  	100.0             
0.6 	1.44476 uA  	100.0             
0.7 	581.103 nA  	100.0             
0.8 	203.252 nA  	100.0             

    SmartSimulation1.RFfreq=1.4e+09       20.00% 5/21
0.0 	4.3354 mA   	100.0             
0.1 	691.252 uA  	100.0             
0.2 	101.119 uA  	100.0             
0.3 	14.0751 uA  	100.0             
0.4 	2.3645 uA   	100.0             
0.5 	505.9 nA    	100.0             
0.6 	119.031 nA  	100.0             

    SmartSimulation1.RFfreq=1.5e+09       25.00% 6/21
0.0 	5.27487 mA  	100.0             
0.1 	782.238 uA  	100.0             
0.2 	145.004 uA  	100.0             
0.3 	19.0523 uA  	100.0             
0.4 	3.00367 uA  	100.0             
0.5 	562.784 nA  	100.0             
0.6 	98.6108 nA  	100.0             

    SmartSimulation1.RFfreq=1.6e+09       30.00% 7/21
0.0 	6.47695 mA  	100.0             
0.1 	1.2524 mA   	100.0             
0.2 	253.709 uA  	100.0             
0.3 	43.5694 uA  	100.0             
0.4 	8.19296 uA  	100.0             
0.5 	1.93592 uA  	100.0             
0.6 	490.193 nA  	100.0             
0.7 	102.175 nA  	100.0             

    SmartSimulation1.RFfreq=1.7e+09       35.00% 8/21
0.0 	8.14624 mA  	100.0             
0.1 	2.29207 mA  	100.0             
0.2 	523.096 uA  	100.0             
0.3 	106.789 uA  	100.0             
0.4 	36.3054 uA  	100.0             
0.5 	9.83966 uA  	100.0             
0.6 	2.24116 uA  	100.0             
0.7 	710.073 nA  	100.0             
0.8 	192.518 nA  	100.0             

    SmartSimulation1.RFfreq=1.8e+09       40.00% 9/21
0.0 	12.1817 mA  	100.0             
0.1 	4.35436 mA  	100.0             
0.2 	1.26266 mA  	100.0             
0.3 	499.26 uA   	100.0             
0.4 	141.218 uA  	100.0             
0.5 	59.7763 uA  	100.0             
0.6 	18.8365 uA  	100.0             
0.7 	6.83885 uA  	100.0             
0.8 	2.37166 uA  	100.0             
0.9 	734.964 nA  	100.0             
0.10 	296 nA      	100.0             

    SmartSimulation1.RFfreq=1.9e+09       45.00% 10/21
0.0 	21.7407 mA  	100.0             
0.1 	9.04376 mA  	100.0             
0.2 	3.94313 mA  	100.0             
0.3 	1.98002 mA  	100.0             
0.4 	725.245 uA  	100.0             
0.5 	390.242 uA  	100.0             
0.6 	178.503 uA  	100.0             
0.7 	72.552 uA   	100.0             
0.8 	38.4617 uA  	100.0             
0.9 	15.026 uA   	100.0             
0.10 	7.43771 uA  	100.0             
0.11 	3.56417 uA  	100.0             
0.12 	1.33386 uA  	100.0             
0.13*	735.091 nA  	100.0             
1.0 	210.867 fA  	100.0	1.4399 pV    

    SmartSimulation1.RFfreq=2e+09         50.00% 11/21
0.0 	26.3606 mA  	100.0             
0.1 	14.0388 mA  	100.0             
0.2 	7.07327 mA  	100.0             
0.3 	4.22695 mA  	100.0             
0.4 	2.44865 mA  	100.0             
0.5 	1.39089 mA  	100.0             
0.6 	775.74 uA   	100.0             
0.7 	439.422 uA  	100.0             
0.8 	242.667 uA  	100.0             
0.9 	132.111 uA  	100.0             
0.10 	70.1229 uA  	100.0             
0.11 	36.6576 uA  	100.0             
0.12 	18.6203 uA  	100.0             
0.13*	9.26567 uA  	100.0             
1.0 	938.975 fA  	100.0	74.9772 pV   

    SmartSimulation1.RFfreq=2.1e+09       55.00% 12/21
0.0 	22.0016 mA  	100.0             
0.1 	11.4234 mA  	100.0             
0.2 	6.80079 mA  	100.0             
0.3 	3.3967 mA   	100.0             
0.4 	1.56421 mA  	100.0             
0.5 	774.106 uA  	100.0             
0.6 	450.572 uA  	100.0             
0.7 	224.58 uA   	100.0             
0.8 	103.035 uA  	100.0             
0.9 	51.2788 uA  	100.0             
0.10 	29.8058 uA  	100.0             
0.11 	14.8093 uA  	100.0             
0.12 	6.81572 uA  	100.0             
0.13*	3.39473 uA  	100.0             
1.0 	83.0233 fA  	100.0	8.51049 pV   

    SmartSimulation1.RFfreq=2.2e+09       60.00% 13/21
0.0 	14.1608 mA  	100.0             
0.1 	5.56859 mA  	100.0             
0.2 	2.45115 mA  	100.0             
0.3 	909.491 uA  	100.0             
0.4 	379.865 uA  	100.0             
0.5 	143.437 uA  	100.0             
0.6 	59.0689 uA  	100.0             
0.7 	22.6008 uA  	100.0             
0.8 	9.08504 uA  	100.0             
0.9 	3.55323 uA  	100.0             
0.10 	1.4096 uA   	100.0             
0.11 	558.323 nA  	100.0             
0.12 	216.2 nA    	100.0             
0.13*	87.6174 nA  	100.0             

    SmartSimulation1.RFfreq=2.3e+09       65.00% 14/21
0.0 	7.67353 mA  	100.0             
0.1 	2.61939 mA  	100.0             
0.2 	746.976 uA  	100.0             
0.3 	263.17 uA   	100.0             
0.4 	69.8819 uA  	100.0             
0.5 	22.3337 uA  	100.0             
0.6 	7.23145 uA  	100.0             
0.7 	1.70846 uA  	100.0             
0.8 	642.586 nA  	100.0             
0.9 	195.012 nA  	100.0             

    SmartSimulation1.RFfreq=2.4e+09       70.00% 15/21
0.0 	4.15794 mA  	100.0             
0.1 	1.32625 mA  	100.0             
0.2 	314.994 uA  	100.0             
0.3 	68.0994 uA  	100.0             
0.4 	18.9178 uA  	100.0             
0.5 	4.64959 uA  	100.0             
0.6 	921.704 nA  	100.0             
0.7 	247.608 nA  	100.0             
0.8 	64.3601 nA  	100.0             

    SmartSimulation1.RFfreq=2.5e+09       75.00% 16/21
0.0 	2.35178 mA  	100.0             
0.1 	676.157 uA  	100.0             
0.2 	151.293 uA  	100.0             
0.3 	28.0989 uA  	100.0             
0.4 	4.79596 uA  	100.0             
0.5 	1.10115 uA  	100.0             
0.6 	230.141 nA  	100.0             

    SmartSimulation1.RFfreq=2.6e+09       80.00% 17/21
0.0 	1.77861 mA  	100.0             
0.1 	364.618 uA  	100.0             
0.2 	73.1128 uA  	100.0             
0.3 	12.9617 uA  	100.0             
0.4 	1.99576 uA  	100.0             
0.5 	278.366 nA  	100.0             
0.6 	53.956 nA   	100.0             

    SmartSimulation1.RFfreq=2.7e+09       85.00% 18/21
0.0 	1.32473 mA  	100.0             
0.1 	202.791 uA  	100.0             
0.2 	38.6433 uA  	100.0             
0.3 	6.12414 uA  	100.0             
0.4 	892.732 nA  	100.0             
0.5 	117.906 nA  	100.0             

    SmartSimulation1.RFfreq=2.8e+09       90.00% 19/21
0.0 	989.123 uA  	100.0             
0.1 	142.707 uA  	100.0             
0.2 	21.164 uA   	100.0             
0.3 	3.09328 uA  	100.0             
0.4 	413.502 nA  	100.0             
0.5 	51.5019 nA  	100.0             

    SmartSimulation1.RFfreq=2.9e+09       95.00% 20/21
0.0 	744.74 uA   	100.0             
0.1 	103.792 uA  	100.0             
0.2 	11.9691 uA  	100.0             
0.3 	1.66082 uA  	100.0             
0.4 	200.651 nA  	100.0             
0.5 	23.4352 nA  	100.0             

    SmartSimulation1.RFfreq=3e+09        100.00% 21/21
0.0 	566.595 uA  	100.0             
0.1 	75.9086 uA  	100.0             
0.2 	7.80534 uA  	100.0             
0.3 	922.947 nA  	100.0             
0.4 	105.482 nA  	100.0             
0.5 	11.1798 nA  	100.0             


Resource usage:
  Total stopwatch time     =     3.27 seconds.

