
hpeesofsim (*) 450.shp Jan 21 2016, MINT version 4
    (64-bit windows built: 01/21/16 15:34:19)
Copyright 1995 - 2015 Keysight Technologies, 1989-2016.

Warning detected by hpeesofsim in Substrate model during netlist flattening.
    Simulations referencing substrate `BPF.MSub1' will not include metal loss
    because metal thickness is zero.

HB Env1[1] <system_lib:final_env_cdma:schematic>
Pt DC convergence is used.
    Number of tones:   1.
    Number of frequencies:   4.
    Number of time samples:  16.
    Number of HB equations (problem size): 301.
    Auto mode: on.
    Convergence mode: Auto.
    Linear solver: direct.
------------------------------------------------------------------------------
Newton solver:					
Iter	KCL residual	Damp %	Sol update
------------------------------------------------------------------------------
0.0*	20 uA       	100.0             
1.0 	12.1431 aA  	100.0	858.518 aV   

HB Env1[1] <system_lib:final_env_cdma:schematic>   time=(0 s->416.667 us)
.
COMPONENT : BPF.CLin3 envelope bandwidth characterization

COMPONENT : BPF.CLin2 envelope bandwidth characterization

COMPONENT : BPF.CLin1 envelope bandwidth characterization
................................................................................................................................................................................................................................................................................................................................................................................................................................................................................................................................................................................................................................................................................................................................................................................................................................................................................................................................................................................................................................................................................................................................................................................................................................................................................................................................................................................................................................................................................................................................................................................................................................................................................................................................................................................................................................................................................................................................................................................................................................................................................................................................

Resource usage:
  Total stopwatch time     =   149.44 seconds.

