
hpeesofsim (*) 450.shp Jan 21 2016, MINT version 4
    (64-bit windows built: 01/21/16 15:34:19)
Copyright 1995 - 2015 Keysight Technologies, 1989-2016.


CT Sweep1[1] <Amplifier_lib:ac_sim:schematic>   Vbias=(2->5)

AC Sweep1[1].AC1[1/13] <Amplifier_lib:ac_sim:schematic>  Vbias=2  freq=(100 MHz->4 GHz)
,,,,,,,,,,,,,,,,,,,,,,,,,,,,,,,,,,,,,,,,,,,,,,,,,,,,,,,,,,,,,,,,,,,,,,,,,,,,,,,,,,,,,,,,,,,,,,,,,,,,,,,,,,,,,,,,,,,,,,,,,,,,,,,,,,

AC Sweep1[1].AC1[2/13] <Amplifier_lib:ac_sim:schematic>  Vbias=2.25  freq=(100 MHz->4 GHz)
,,,,,,,,,,,,,,,,,,,,,,,,,,,,,,,,,,,,,,,,,,,,,,,,,,,,,,,,,,,,,,,,,,,,,,,,,,,,,,,,,,,,,,,,,,,,,,,,,,,,,,,,,,,,,,,,,,,,,,,,,,,,,,,,,,

AC Sweep1[1].AC1[3/13] <Amplifier_lib:ac_sim:schematic>  Vbias=2.5  freq=(100 MHz->4 GHz)
,,,,,,,,,,,,,,,,,,,,,,,,,,,,,,,,,,,,,,,,,,,,,,,,,,,,,,,,,,,,,,,,,,,,,,,,,,,,,,,,,,,,,,,,,,,,,,,,,,,,,,,,,,,,,,,,,,,,,,,,,,,,,,,,,,

AC Sweep1[1].AC1[4/13] <Amplifier_lib:ac_sim:schematic>  Vbias=2.75  freq=(100 MHz->4 GHz)
,,,,,,,,,,,,,,,,,,,,,,,,,,,,,,,,,,,,,,,,,,,,,,,,,,,,,,,,,,,,,,,,,,,,,,,,,,,,,,,,,,,,,,,,,,,,,,,,,,,,,,,,,,,,,,,,,,,,,,,,,,,,,,,,,,

AC Sweep1[1].AC1[5/13] <Amplifier_lib:ac_sim:schematic>  Vbias=3  freq=(100 MHz->4 GHz)
,,,,,,,,,,,,,,,,,,,,,,,,,,,,,,,,,,,,,,,,,,,,,,,,,,,,,,,,,,,,,,,,,,,,,,,,,,,,,,,,,,,,,,,,,,,,,,,,,,,,,,,,,,,,,,,,,,,,,,,,,,,,,,,,,,

AC Sweep1[1].AC1[6/13] <Amplifier_lib:ac_sim:schematic>  Vbias=3.25  freq=(100 MHz->4 GHz)
,,,,,,,,,,,,,,,,,,,,,,,,,,,,,,,,,,,,,,,,,,,,,,,,,,,,,,,,,,,,,,,,,,,,,,,,,,,,,,,,,,,,,,,,,,,,,,,,,,,,,,,,,,,,,,,,,,,,,,,,,,,,,,,,,,

AC Sweep1[1].AC1[7/13] <Amplifier_lib:ac_sim:schematic>  Vbias=3.5  freq=(100 MHz->4 GHz)
,,,,,,,,,,,,,,,,,,,,,,,,,,,,,,,,,,,,,,,,,,,,,,,,,,,,,,,,,,,,,,,,,,,,,,,,,,,,,,,,,,,,,,,,,,,,,,,,,,,,,,,,,,,,,,,,,,,,,,,,,,,,,,,,,,

AC Sweep1[1].AC1[8/13] <Amplifier_lib:ac_sim:schematic>  Vbias=3.75  freq=(100 MHz->4 GHz)
,,,,,,,,,,,,,,,,,,,,,,,,,,,,,,,,,,,,,,,,,,,,,,,,,,,,,,,,,,,,,,,,,,,,,,,,,,,,,,,,,,,,,,,,,,,,,,,,,,,,,,,,,,,,,,,,,,,,,,,,,,,,,,,,,,

AC Sweep1[1].AC1[9/13] <Amplifier_lib:ac_sim:schematic>  Vbias=4  freq=(100 MHz->4 GHz)
,,,,,,,,,,,,,,,,,,,,,,,,,,,,,,,,,,,,,,,,,,,,,,,,,,,,,,,,,,,,,,,,,,,,,,,,,,,,,,,,,,,,,,,,,,,,,,,,,,,,,,,,,,,,,,,,,,,,,,,,,,,,,,,,,,

AC Sweep1[1].AC1[10/13] <Amplifier_lib:ac_sim:schematic>  Vbias=4.25  freq=(100 MHz->4 GHz)
,,,,,,,,,,,,,,,,,,,,,,,,,,,,,,,,,,,,,,,,,,,,,,,,,,,,,,,,,,,,,,,,,,,,,,,,,,,,,,,,,,,,,,,,,,,,,,,,,,,,,,,,,,,,,,,,,,,,,,,,,,,,,,,,,,

AC Sweep1[1].AC1[11/13] <Amplifier_lib:ac_sim:schematic>  Vbias=4.5  freq=(100 MHz->4 GHz)
,,,,,,,,,,,,,,,,,,,,,,,,,,,,,,,,,,,,,,,,,,,,,,,,,,,,,,,,,,,,,,,,,,,,,,,,,,,,,,,,,,,,,,,,,,,,,,,,,,,,,,,,,,,,,,,,,,,,,,,,,,,,,,,,,,

AC Sweep1[1].AC1[12/13] <Amplifier_lib:ac_sim:schematic>  Vbias=4.75  freq=(100 MHz->4 GHz)
,,,,,,,,,,,,,,,,,,,,,,,,,,,,,,,,,,,,,,,,,,,,,,,,,,,,,,,,,,,,,,,,,,,,,,,,,,,,,,,,,,,,,,,,,,,,,,,,,,,,,,,,,,,,,,,,,,,,,,,,,,,,,,,,,,

AC Sweep1[1].AC1[13/13] <Amplifier_lib:ac_sim:schematic>  Vbias=5  freq=(100 MHz->4 GHz)
,,,,,,,,,,,,,,,,,,,,,,,,,,,,,,,,,,,,,,,,,,,,,,,,,,,,,,,,,,,,,,,,,,,,,,,,,,,,,,,,,,,,,,,,,,,,,,,,,,,,,,,,,,,,,,,,,,,,,,,,,,,,,,,,,,

Resource usage:
  Total stopwatch time     =     5.05 seconds.

