
hpeesofsim (*) 450.shp Jan 21 2016, MINT version 4
    (64-bit windows built: 01/21/16 15:34:19)
Copyright 1995 - 2015 Keysight Technologies, 1989-2016.


HB HB1[1] <Amplifier_lib:hb_compression:schematic>   RF_pwr=(-50->-20)
    Number of tones:   1.
    Number of frequencies:   4.
    Number of time samples:  8.
    Number of HB equations (problem size): 140.
    Auto mode: on.
    Convergence mode: Auto.
    Linear solver: direct.
    RF_pwr=-50            0.00% 1/31
------------------------------------------------------------------------------
Newton solver:					
Iter	KCL residual	Damp %	Sol update
------------------------------------------------------------------------------
0.0*	14.1736 uA  	100.0             
1.0 	13.9754 nA  	100.0             
1.1 	32.452 pA   	100.0	2.52653 nV   
    RF_pwr=-49            3.33% 2/31
0.0 	190.045 nA  	100.0             
0.1 	24.4013 nA  	100.0             
0.2 	135.098 pA  	100.0             

    RF_pwr=-48            6.67% 3/31
0.0 	240.227 nA  	100.0             
0.1 	30.9954 nA  	100.0             
0.2 	193.809 pA  	100.0             

    RF_pwr=-47           10.00% 4/31
0.0 	303.78 nA   	100.0             
0.1 	39.4097 nA  	100.0             
0.2 	278.522 pA  	100.0             

    RF_pwr=-46           13.33% 5/31
0.0 	384.307 nA  	100.0             
0.1 	50.161 nA   	100.0             
0.2 	401.042 pA  	100.0             

    RF_pwr=-45           16.67% 6/31
0.0 	486.394 nA  	100.0             
0.1 	63.9181 nA  	100.0             
0.2 	578.692 pA  	100.0             

    RF_pwr=-44           20.00% 7/31
0.0 	615.876 nA  	100.0             
0.1 	81.5481 nA  	100.0             
0.2 	837.004 pA  	100.0             

    RF_pwr=-43           23.33% 8/31
0.0 	780.178 nA  	100.0             
0.1 	104.177 nA  	100.0             
0.2 	1.21375 nA  	100.0             

    RF_pwr=-42           26.67% 9/31
0.0 	988.744 nA  	100.0             
0.1 	133.269 nA  	100.0             
0.2 	1.76505 nA  	100.0             

    RF_pwr=-41           30.00% 10/31
0.0 	1.25357 uA  	100.0             
0.1 	170.729 nA  	100.0             
0.2 	2.57464 nA  	100.0             

    RF_pwr=-40           33.33% 11/31
0.0 	1.58986 uA  	100.0             
0.1 	219.038 nA  	100.0             
0.2 	3.76802 nA  	100.0             
0.3 	92.3633 pA  	100.0             

    RF_pwr=-39           36.67% 12/31
0.0 	2.01674 uA  	100.0             
0.1 	281.422 nA  	100.0             
0.2 	5.53403 nA  	100.0             
0.3 	152.9 pA    	100.0             

    RF_pwr=-38           40.00% 13/31
0.0 	2.55847 uA  	100.0             
0.1 	362.066 nA  	100.0             
0.2 	8.15793 nA  	100.0             
0.3 	254.215 pA  	100.0             

    RF_pwr=-37           43.33% 14/31
0.0 	3.24509 uA  	100.0             
0.1 	466.369 nA  	100.0             
0.2 	12.0714 nA  	100.0             
0.3 	424.498 pA  	100.0             

    RF_pwr=-36           46.67% 15/31
0.0 	4.11366 uA  	100.0             
0.1 	601.225 nA  	100.0             
0.2 	17.9278 nA  	100.0             
0.3 	711.707 pA  	100.0             

    RF_pwr=-35           50.00% 16/31
0.0 	5.20896 uA  	100.0             
0.1 	775.288 nA  	100.0             
0.2 	26.7114 nA  	100.0             
0.3 	1.19713 nA  	100.0             

    RF_pwr=-34           53.33% 17/31
0.0 	6.58349 uA  	100.0             
0.1 	999.101 nA  	100.0             
0.2 	39.8881 nA  	100.0             
0.3 	2.01709 nA  	100.0             

    RF_pwr=-33           56.67% 18/31
0.0 	8.29563 uA  	100.0             
0.1 	1.28481 uA  	100.0             
0.2 	59.5826 nA  	100.0             
0.3 	3.46204 nA  	100.0             

    RF_pwr=-32           60.00% 19/31
0.0 	10.8664 uA  	100.0             
0.1 	2.05305 uA  	100.0             
0.2 	211.484 nA  	100.0             
0.3 	147.83 nA   	100.0             
0.4 	105.052 nA  	100.0             
0.5*	77.819 nA   	100.0             
1.0 	352.95 pA   	100.0             
1.1 	3.07141 pA  	100.0	16.6878 nV   

    RF_pwr=-31           63.33% 20/31
0.0 	2.61933 mA  	100.0             
        Samanskii-Newton iteration failed
0.1*	153.314 A   	100.0             
1.0*	958.155 uA  	100.0             
2.0 	345.993 uA  	100.0             
2.1 	235.697 uA  	100.0             
2.2*	179.84 uA   	100.0             
3.0 	59.1174 uA  	100.0             
3.1 	37.1827 uA  	100.0             
3.2 	26.1906 uA  	100.0             
3.3 	19.5109 uA  	100.0             
3.4 	15.0337 uA  	100.0             
3.5 	11.847 uA   	100.0             
3.6 	9.48553 uA  	100.0             
3.7 	7.6844 uA   	100.0             
3.8*	6.28104 uA  	100.0             
4.0 	468.056 nA  	100.0             
4.1 	70.4143 nA  	100.0             
4.2 	10.9961 nA  	100.0             
4.3 	1.72663 nA  	100.0             
4.4 	271.352 pA  	100.0	158.798 nV   

    RF_pwr=-30           66.67% 21/31
0.0 	42.3757 uA  	100.0             
0.1 	32.5345 uA  	100.0             
0.2*	30.9628 uA  	100.0             
1.0 	5.12977 uA  	100.0             
1.1 	1.80548 uA  	100.0             
1.2 	678.289 nA  	100.0             
1.3 	258.64 nA   	100.0             
1.4 	98.7102 nA  	100.0             
1.5 	37.5702 nA  	100.0             
1.6 	14.2547 nA  	100.0             
1.7 	5.39399 nA  	100.0             
1.8*	2.0369 nA   	100.0             
2.0 	40.6866 fA  	100.0	13.3813 pV   

    RF_pwr=-29           70.00% 22/31
0.0 	35.8687 uA  	100.0             
0.1 	27.2822 uA  	100.0             
0.2*	23.815 uA   	100.0             
1.0 	3.15927 uA  	100.0             
1.1 	1.01138 uA  	100.0             
1.2 	348.95 nA   	100.0             
1.3 	123.169 nA  	100.0             
1.4 	43.8026 nA  	100.0             
1.5 	15.6179 nA  	100.0             
1.6 	5.57366 nA  	100.0             
1.7 	1.98974 nA  	100.0             
1.8*	710.396 pA  	100.0             
2.0 	6.90032 fA  	100.0	12.0432 pV   

    RF_pwr=-28           73.33% 23/31
0.0 	32.2601 uA  	100.0             
0.1 	9.80104 uA  	100.0             
0.2 	5.95835 uA  	100.0             
0.3 	1.19727 uA  	100.0             
0.4 	682.257 nA  	100.0             
0.5 	177.349 nA  	100.0             
0.6 	78.0617 nA  	100.0             
0.7 	30.1234 nA  	100.0             
0.8*	10.6341 nA  	100.0             
1.0 	422.68 fA   	100.0	86.9336 pV   

    RF_pwr=-27           76.67% 24/31
0.0 	58.9544 uA  	100.0             
0.1 	35.9909 uA  	100.0             
0.2 	16.5095 uA  	100.0             
0.3 	5.62398 uA  	100.0             
0.4 	2.00533 uA  	100.0             
        Samanskii-Newton iteration failed
0.5*	2.02197 uA  	100.0             
1.0 	43.5929 nA  	100.0             
1.1 	302.622 pA  	100.0	213.147 nV   

    RF_pwr=-26           80.00% 25/31
0.0 	89.8405 uA  	100.0             
0.1 	28.5447 uA  	100.0             
0.2 	24.5759 uA  	100.0             
0.3*	13.2915 uA  	100.0             
1.0 	92.1072 nA  	100.0             
1.1 	2.04288 nA  	100.0             
1.2 	48.6455 pA  	100.0	4.31543 nV   

    RF_pwr=-25           83.33% 26/31
0.0 	52.8095 uA  	100.0             
0.1 	13.6902 uA  	100.0             
0.2 	1.11101 uA  	100.0             
0.3 	117.083 nA  	100.0             
0.4 	22.022 nA   	100.0             
0.5 	1.81764 nA  	100.0             

    RF_pwr=-24           86.67% 27/31
0.0 	56.8922 uA  	100.0             
0.1 	12.7199 uA  	100.0             
0.2 	721.889 nA  	100.0             
0.3 	81.9888 nA  	100.0             
0.4 	10.9048 nA  	100.0             
0.5 	522.185 pA  	100.0             

    RF_pwr=-23           90.00% 28/31
0.0 	60.6559 uA  	100.0             
0.1 	11.1575 uA  	100.0             
0.2 	446.037 nA  	100.0             
0.3 	49.6029 nA  	100.0             
0.4 	4.22277 nA  	100.0             

    RF_pwr=-22           93.33% 29/31
0.0 	57.5359 uA  	100.0             
0.1 	9.15916 uA  	100.0             
0.2 	293.407 nA  	100.0             
0.3 	23.2126 nA  	100.0             
0.4 	1.56102 nA  	100.0             

    RF_pwr=-21           96.67% 30/31
0.0 	49.7937 uA  	100.0             
0.1 	7.22469 uA  	100.0             
0.2 	182.531 nA  	100.0             
0.3 	8.16454 nA  	100.0             

    RF_pwr=-20          100.00% 31/31
0.0 	43.2288 uA  	100.0             
0.1 	5.80316 uA  	100.0             
0.2 	113.669 nA  	100.0             
0.3 	795.85 pA   	100.0             

An HB truncation error may be present.
o The HB truncation error is due to using a finite order 
  (number of harmonics) in the representation of the
  circuit signals.

Waveform                Trunc error             Tolerance
---------------------------------------------------------
Q1.N__3                 1.530e-02       >       2.722e-06
Q1.N__6                 6.764e-04       >       1.008e-06
Q1.N__12                4.563e-04       >       1.070e-06

o Number of waveforms violating the HB truncation error check:
        3 out of 3 waveforms.
o Estimated max HB truncation error: 1.530e-02 @ waveform Q1.N__3 .
o The maximal HB truncation error estimate is greater than the 
  achieved tolerance of 2.722e-06 for this waveform.
o A time-domain plot of the Q1.N__6 waveform may show the error as 
  Gibbs ripples.
o To reduce the error, increase the order (number of harmonics) 
  and re-simulate.

Resource usage:
  Total stopwatch time     =     3.78 seconds.

